  DocumentScanner.cpp
C:\Users\satya\Source\Repos\OpenCVCourse-\OpenCVCourse-\DocumentScanner.cpp(41,12): warning C4244: 'initializing': conversion from 'double' to 'int', possible loss of data
C:\Users\satya\Source\Repos\OpenCVCourse-\OpenCVCourse-\DocumentScanner.cpp(48,15): warning C4244: 'initializing': conversion from 'double' to 'float', possible loss of data
C:\Users\satya\Source\Repos\OpenCVCourse-\OpenCVCourse-\DocumentScanner.cpp(98,49): warning C4244: 'argument': conversion from 'float' to '_Tp', possible loss of data
C:\Users\satya\Source\Repos\OpenCVCourse-\OpenCVCourse-\DocumentScanner.cpp(98,49): warning C4244:         with
C:\Users\satya\Source\Repos\OpenCVCourse-\OpenCVCourse-\DocumentScanner.cpp(98,49): warning C4244:         [
C:\Users\satya\Source\Repos\OpenCVCourse-\OpenCVCourse-\DocumentScanner.cpp(98,49): warning C4244:             _Tp=int
C:\Users\satya\Source\Repos\OpenCVCourse-\OpenCVCourse-\DocumentScanner.cpp(98,49): warning C4244:         ]
C:\Users\satya\Source\Repos\OpenCVCourse-\OpenCVCourse-\DocumentScanner.cpp(98,46): warning C4244: 'argument': conversion from 'float' to '_Tp', possible loss of data
C:\Users\satya\Source\Repos\OpenCVCourse-\OpenCVCourse-\DocumentScanner.cpp(98,46): warning C4244:         with
C:\Users\satya\Source\Repos\OpenCVCourse-\OpenCVCourse-\DocumentScanner.cpp(98,46): warning C4244:         [
C:\Users\satya\Source\Repos\OpenCVCourse-\OpenCVCourse-\DocumentScanner.cpp(98,46): warning C4244:             _Tp=int
C:\Users\satya\Source\Repos\OpenCVCourse-\OpenCVCourse-\DocumentScanner.cpp(98,46): warning C4244:         ]
C:\Users\satya\Source\Repos\OpenCVCourse-\OpenCVCourse-\DocumentScanner.cpp(103,6): warning C4326: return type of 'main' should be 'int' instead of 'void'
C:\Users\satya\Source\Repos\OpenCVCourse-\OpenCVCourse-\DocumentScanner.cpp(123,50): warning C4244: 'argument': conversion from 'float' to '_Tp', possible loss of data
C:\Users\satya\Source\Repos\OpenCVCourse-\OpenCVCourse-\DocumentScanner.cpp(123,50): warning C4244:         with
C:\Users\satya\Source\Repos\OpenCVCourse-\OpenCVCourse-\DocumentScanner.cpp(123,50): warning C4244:         [
C:\Users\satya\Source\Repos\OpenCVCourse-\OpenCVCourse-\DocumentScanner.cpp(123,50): warning C4244:             _Tp=int
C:\Users\satya\Source\Repos\OpenCVCourse-\OpenCVCourse-\DocumentScanner.cpp(123,50): warning C4244:         ]
C:\Users\satya\Source\Repos\OpenCVCourse-\OpenCVCourse-\DocumentScanner.cpp(123,31): warning C4244: 'argument': conversion from 'float' to '_Tp', possible loss of data
C:\Users\satya\Source\Repos\OpenCVCourse-\OpenCVCourse-\DocumentScanner.cpp(123,31): warning C4244:         with
C:\Users\satya\Source\Repos\OpenCVCourse-\OpenCVCourse-\DocumentScanner.cpp(123,31): warning C4244:         [
C:\Users\satya\Source\Repos\OpenCVCourse-\OpenCVCourse-\DocumentScanner.cpp(123,31): warning C4244:             _Tp=int
C:\Users\satya\Source\Repos\OpenCVCourse-\OpenCVCourse-\DocumentScanner.cpp(123,31): warning C4244:         ]
  OpenCVCourse-.vcxproj -> C:\Users\satya\Source\Repos\OpenCVCourse-\x64\Debug\OpenCVCourse-.exe
